0 info it worked if it ends with ok
1 verbose cli [ '/Users/quweiliu/.nvm/versions/node/v5.7.1/bin/node',
1 verbose cli   '/Users/quweiliu/.nvm/versions/node/v5.7.1/bin/npm',
1 verbose cli   'start' ]
2 info using npm@3.6.0
3 info using node@v5.7.1
4 verbose run-script [ 'prestart', 'start', 'poststart' ]
5 info lifecycle react-basic-starter@0.0.2~prestart: react-basic-starter@0.0.2
6 silly lifecycle react-basic-starter@0.0.2~prestart: no script for prestart, continuing
7 info lifecycle react-basic-starter@0.0.2~start: react-basic-starter@0.0.2
8 verbose lifecycle react-basic-starter@0.0.2~start: unsafe-perm in lifecycle true
9 verbose lifecycle react-basic-starter@0.0.2~start: PATH: /Users/quweiliu/.nvm/versions/node/v5.7.1/lib/node_modules/npm/bin/node-gyp-bin:/Users/quweiliu/Documents/my-project/dcard-reader/node_modules/.bin:/Users/quweiliu/.rvm/gems/ruby-2.2.1/bin:/Users/quweiliu/.rvm/gems/ruby-2.2.1@global/bin:/Users/quweiliu/.rvm/rubies/ruby-2.2.1/bin:/Users/quweiliu/.nvm/versions/node/v5.7.1/bin:/Users/quweiliu/bin:/usr/local/bin:/usr/local/bin:/usr/bin:/bin:/usr/sbin:/sbin:/usr/local/MacGPG2/bin:/Users/quweiliu/.rvm/bin
10 verbose lifecycle react-basic-starter@0.0.2~start: CWD: /Users/quweiliu/Documents/my-project/dcard-reader
11 silly lifecycle react-basic-starter@0.0.2~start: Args: [ '-c', 'babel-node server/client-server.js' ]
12 silly lifecycle react-basic-starter@0.0.2~start: Returned: code: 1  signal: null
13 info lifecycle react-basic-starter@0.0.2~start: Failed to exec start script
14 verbose stack Error: react-basic-starter@0.0.2 start: `babel-node server/client-server.js`
14 verbose stack Exit status 1
14 verbose stack     at EventEmitter.<anonymous> (/Users/quweiliu/.nvm/versions/node/v5.7.1/lib/node_modules/npm/lib/utils/lifecycle.js:232:16)
14 verbose stack     at emitTwo (events.js:100:13)
14 verbose stack     at EventEmitter.emit (events.js:185:7)
14 verbose stack     at ChildProcess.<anonymous> (/Users/quweiliu/.nvm/versions/node/v5.7.1/lib/node_modules/npm/lib/utils/spawn.js:24:14)
14 verbose stack     at emitTwo (events.js:100:13)
14 verbose stack     at ChildProcess.emit (events.js:185:7)
14 verbose stack     at maybeClose (internal/child_process.js:827:16)
14 verbose stack     at Process.ChildProcess._handle.onexit (internal/child_process.js:211:5)
15 verbose pkgid react-basic-starter@0.0.2
16 verbose cwd /Users/quweiliu/Documents/my-project/dcard-reader
17 error Darwin 15.3.0
18 error argv "/Users/quweiliu/.nvm/versions/node/v5.7.1/bin/node" "/Users/quweiliu/.nvm/versions/node/v5.7.1/bin/npm" "start"
19 error node v5.7.1
20 error npm  v3.6.0
21 error code ELIFECYCLE
22 error react-basic-starter@0.0.2 start: `babel-node server/client-server.js`
22 error Exit status 1
23 error Failed at the react-basic-starter@0.0.2 start script 'babel-node server/client-server.js'.
23 error Make sure you have the latest version of node.js and npm installed.
23 error If you do, this is most likely a problem with the react-basic-starter package,
23 error not with npm itself.
23 error Tell the author that this fails on your system:
23 error     babel-node server/client-server.js
23 error You can get information on how to open an issue for this project with:
23 error     npm bugs react-basic-starter
23 error Or if that isn't available, you can get their info via:
23 error     npm owner ls react-basic-starter
23 error There is likely additional logging output above.
24 verbose exit [ 1, true ]
